Warning: strange file type "csv" (using "ascii")
Warning: strange file type "csv" (using "ascii")

Note: No compatibility mode selected!


Circuit: * nmos sweep (sky130) 

Doing analysis at TEMP = -196.150000 and TNOM = 27.000000

 MONTE CARLO RUN: 0
Doing analysis at TEMP = -196.150000 and TNOM = 27.000000

 Reference value :  0.00000e+00Warning: strange file type "csv" (using "ascii")
Warning: strange file type "csv" (using "ascii")
Warning: strange file type "csv" (using "ascii")
Warning: strange file type "csv" (using "ascii")
Warning: strange file type "csv" (using "ascii")
Warning: strange file type "csv" (using "ascii")
Warning: strange file type "csv" (using "ascii")
Warning: strange file type "csv" (using "ascii")

No. of Data Rows : 2046
Doing analysis at TEMP = -196.150000 and TNOM = 27.000000


No. of Data Rows : 186
Doing analysis at TEMP = -196.150000 and TNOM = 27.000000


No. of Data Rows : 1116
Reset re-loads circuit * nmos sweep (sky130) 

Circuit: * nmos sweep (sky130) 

 MONTE CARLO RUN: 1
Doing analysis at TEMP = -196.150000 and TNOM = 27.000000


No. of Data Rows : 2046
Doing analysis at TEMP = -196.150000 and TNOM = 27.000000


No. of Data Rows : 186
Doing analysis at TEMP = -196.150000 and TNOM = 27.000000


No. of Data Rows : 1116
Reset re-loads circuit * nmos sweep (sky130) 

Circuit: * nmos sweep (sky130) 

 MONTE CARLO RUN: 2
Doing analysis at TEMP = -196.150000 and TNOM = 27.000000


No. of Data Rows : 2046
Doing analysis at TEMP = -196.150000 and TNOM = 27.000000


No. of Data Rows : 186
Doing analysis at TEMP = -196.150000 and TNOM = 27.000000


No. of Data Rows : 1116
Reset re-loads circuit * nmos sweep (sky130) 

Circuit: * nmos sweep (sky130) 

ngspice-41 done
